<?xml version="1.0" encoding="UTF-8"?>
<!-- Generated by org.testng.reporters.JUnitReportReporter -->
<testsuite hostname="Vivek" failures="0" tests="1" name="com.class23.cookies.HandleCookies" time="2.113" errors="0" timestamp="2023-08-29T04:55:04 IST" skipped="0">
  <testcase classname="com.class23.cookies.HandleCookies" name="main" time="2.113"/>
</testsuite> <!-- com.class23.cookies.HandleCookies -->
