<?xml version="1.0" encoding="UTF-8"?>
<!-- Generated by org.testng.reporters.JUnitReportReporter -->
<testsuite hostname="Vivek" failures="0" tests="2" name="com.class19.CrossBrowser.Demo2" time="20.033" errors="0" timestamp="2023-05-18T15:02:22 IST" skipped="0">
  <testcase classname="com.class19.CrossBrowser.Demo2" name="demoWebShop" time="13.229"/>
  <system-out/>
  <testcase classname="com.class19.CrossBrowser.Demo2" name="demoWebShop" time="6.804"/>
  <system-out/>
</testsuite> <!-- com.class19.CrossBrowser.Demo2 -->
