<?xml version="1.0" encoding="UTF-8"?>
<!-- Generated by org.testng.reporters.JUnitReportReporter -->
<testsuite hostname="Vivek" failures="0" tests="3" name="com.class18.Execution.DataProviderDemo" time="57.149" errors="0" timestamp="2023-05-18T16:25:09 IST" skipped="0">
  <testcase classname="com.class18.Execution.DataProviderDemo" name="login" time="14.969"/>
  <system-out/>
  <testcase classname="com.class18.Execution.DataProviderDemo" name="login" time="23.353"/>
  <system-out/>
  <testcase classname="com.class18.Execution.DataProviderDemo" name="login" time="18.827"/>
  <system-out/>
</testsuite> <!-- com.class18.Execution.DataProviderDemo -->
