<?xml version="1.0" encoding="UTF-8"?>
<!-- Generated by org.testng.reporters.JUnitReportReporter -->
<testsuite hostname="Vivek" failures="0" tests="2" name="com.class19.CrossBrowser.Tata" time="29.550" errors="0" timestamp="2023-05-18T14:08:55 IST" skipped="0">
  <testcase classname="com.class19.CrossBrowser.Tata" name="tata" time="11.595"/>
  <system-out/>
  <testcase classname="com.class19.CrossBrowser.Tata" name="tata" time="17.955"/>
  <system-out/>
</testsuite> <!-- com.class19.CrossBrowser.Tata -->
