<?xml version="1.0" encoding="UTF-8"?>
<!-- Generated by org.testng.reporters.JUnitReportReporter -->
<testsuite hostname="Vivek" failures="0" tests="2" name="com.class19.CrossBrowser.Demo1" time="24.850" errors="0" timestamp="2023-05-18T15:02:22 IST" skipped="0">
  <testcase classname="com.class19.CrossBrowser.Demo1" name="actitime" time="14.007"/>
  <system-out/>
  <testcase classname="com.class19.CrossBrowser.Demo1" name="actitime" time="10.843"/>
  <system-out/>
</testsuite> <!-- com.class19.CrossBrowser.Demo1 -->
