<?xml version="1.0" encoding="UTF-8"?>
<!-- Generated by org.testng.reporters.JUnitReportReporter -->
<testsuite hostname="Vivek" failures="0" tests="1" name="com.class18.TestNG.Lamborgini" time="2.808" errors="0" timestamp="2023-05-02T11:45:57 IST" skipped="0">
  <testcase classname="com.class18.TestNG.Lamborgini" name="m2" time="2.808"/>
  <system-out/>
</testsuite> <!-- com.class18.TestNG.Lamborgini -->
