<?xml version="1.0" encoding="UTF-8"?>
<!-- Generated by org.testng.reporters.JUnitReportReporter -->
<testsuite hostname="Vivek" failures="0" tests="1" name="com.class19.CrossBrowser.ecom.Script" time="11.092" errors="0" timestamp="2023-05-30T10:45:09 IST" skipped="0">
  <testcase classname="com.class19.CrossBrowser.ecom.Script" name="stateElementException" time="11.092"/>
  <system-out>
    <![CDATA[Empty chrome browser is launched: 
Browser is maximize]]>
  </system-out>
</testsuite> <!-- com.class19.CrossBrowser.ecom.Script -->
