<?xml version="1.0" encoding="UTF-8"?>
<!-- Generated by org.testng.reporters.JUnitReportReporter -->
<testsuite hostname="Vivek" failures="0" tests="1" name="com.class22.SVG.SVG1" time="20.601" errors="0" timestamp="2023-08-29T07:01:20 IST" skipped="0">
  <testcase classname="com.class22.SVG.SVG1" name="svg" time="20.601"/>
</testsuite> <!-- com.class22.SVG.SVG1 -->
