<?xml version="1.0" encoding="UTF-8"?>
<!-- Generated by org.testng.reporters.JUnitReportReporter -->
<testsuite hostname="Vivek" failures="0" tests="3" name="com.class18.Execution.DemoShop2" time="62.837" errors="0" timestamp="2023-05-18T18:55:47 IST" skipped="0">
  <testcase classname="com.class18.Execution.DemoShop2" name="login" time="21.308"/>
  <system-out/>
  <testcase classname="com.class18.Execution.DemoShop2" name="login" time="20.126"/>
  <system-out/>
  <testcase classname="com.class18.Execution.DemoShop2" name="login" time="21.403"/>
  <system-out/>
</testsuite> <!-- com.class18.Execution.DemoShop2 -->
