<?xml version="1.0" encoding="UTF-8"?>
<!-- Generated by org.testng.reporters.JUnitReportReporter -->
<testsuite hostname="Vivek" failures="0" tests="1" name="com.class4.TS2" time="17.906" errors="0" timestamp="2023-05-09T10:13:50 IST" skipped="0">
  <testcase classname="com.class4.TS2" name="m1" time="17.906"/>
  <system-out/>
</testsuite> <!-- com.class4.TS2 -->
