<?xml version="1.0" encoding="UTF-8"?>
<!-- Generated by org.testng.reporters.JUnitReportReporter -->
<testsuite hostname="Vivek" failures="0" tests="1" name="com.rectangle.TS_01" time="3.637" errors="0" timestamp="2023-07-07T16:15:55 IST" skipped="0">
  <testcase classname="com.rectangle.TS_01" name="m" time="3.637"/>
  <system-out/>
</testsuite> <!-- com.rectangle.TS_01 -->
