<?xml version="1.0" encoding="UTF-8"?>
<!-- Generated by org.testng.reporters.JUnitReportReporter -->
<testsuite hostname="Vivek" failures="0" tests="1" name="com.class14.jsExecutor.TS_JS1" time="210.366" errors="0" timestamp="2023-06-20T14:52:21 IST" skipped="0">
  <testcase classname="com.class14.jsExecutor.TS_JS1" name="m1" time="210.366"/>
  <system-out/>
</testsuite> <!-- com.class14.jsExecutor.TS_JS1 -->
