<?xml version="1.0" encoding="UTF-8"?>
<!-- Generated by org.testng.reporters.JUnitReportReporter -->
<testsuite hostname="Vivek" failures="0" tests="1" name="com.class18.Execution.Test" time="2.708" errors="0" timestamp="2023-05-02T18:53:22 IST" skipped="0">
  <testcase classname="com.class18.Execution.Test" name="display" time="2.708"/>
  <system-out/>
</testsuite> <!-- com.class18.Execution.Test -->
