<?xml version="1.0" encoding="UTF-8"?>
<!-- Generated by org.testng.reporters.JUnitReportReporter -->
<testsuite hostname="Vivek" failures="0" tests="2" name="com.class19.CrossBrowser.ecom.Myntra" time="41.975" errors="0" timestamp="2023-05-18T14:04:55 IST" skipped="0">
  <testcase classname="com.class19.CrossBrowser.ecom.Myntra" name="myntra" time="20.115"/>
  <system-out/>
  <testcase classname="com.class19.CrossBrowser.ecom.Myntra" name="myntra" time="21.860"/>
  <system-out/>
</testsuite> <!-- com.class19.CrossBrowser.ecom.Myntra -->
