<?xml version="1.0" encoding="UTF-8"?>
<!-- Generated by org.testng.reporters.JUnitReportReporter -->
<testsuite hostname="Vivek" failures="0" tests="2" name="com.class19.CrossBrowser.Congnizant" time="39.405" errors="0" timestamp="2023-05-18T14:08:55 IST" skipped="0">
  <testcase classname="com.class19.CrossBrowser.Congnizant" name="cognizant" time="24.904"/>
  <system-out/>
  <testcase classname="com.class19.CrossBrowser.Congnizant" name="cognizant" time="14.501"/>
  <system-out/>
</testsuite> <!-- com.class19.CrossBrowser.Congnizant -->
