<?xml version="1.0" encoding="UTF-8"?>
<!-- Generated by org.testng.reporters.JUnitReportReporter -->
<testsuite hostname="Vivek" failures="0" tests="1" name="com.class18.Execution.DemoShop" time="14.943" errors="0" timestamp="2023-05-03T15:44:44 IST" skipped="0">
  <testcase classname="com.class18.Execution.DemoShop" name="toClickOnElectronics" time="14.943"/>
  <system-out/>
</testsuite> <!-- com.class18.Execution.DemoShop -->
