<?xml version="1.0" encoding="UTF-8"?>
<!-- Generated by org.testng.reporters.JUnitReportReporter -->
<testsuite hostname="Vivek" failures="0" tests="1" name="com.class18.TestNG.Toyota" time="6.745" errors="0" timestamp="2023-05-02T19:59:06 IST" skipped="0">
  <testcase classname="com.class18.TestNG.Toyota" name="m2" time="6.745"/>
  <system-out/>
</testsuite> <!-- com.class18.TestNG.Toyota -->
