<?xml version="1.0" encoding="UTF-8"?>
<!-- Generated by org.testng.reporters.JUnitReportReporter -->
<testsuite hostname="Vivek" failures="0" tests="3" name="com.class21.DependsONMethod.Script" time="0.013" errors="0" timestamp="2023-05-06T08:43:10 IST" skipped="0">
  <testcase classname="com.class21.DependsONMethod.Script" name="createUpdate" time="0.001"/>
  <system-out/>
  <testcase classname="com.class21.DependsONMethod.Script" name="createAccount" time="0.011"/>
  <system-out/>
  <testcase classname="com.class21.DependsONMethod.Script" name="createDelete" time="0.001"/>
  <system-out/>
</testsuite> <!-- com.class21.DependsONMethod.Script -->
