<?xml version="1.0" encoding="UTF-8"?>
<!-- Generated by org.testng.reporters.JUnitReportReporter -->
<testsuite hostname="Vivek" failures="0" tests="3" name="com.class20.POM2.TS_001" time="23.044" errors="0" timestamp="2023-05-10T14:22:57 IST" skipped="0">
  <testcase classname="com.class20.POM2.TS_001" name="reg" time="5.928"/>
  <system-out>
    <![CDATA[Success: Registration page display
Success: Gender not selected
First name is entered
Last name is entered
EMail is entered
Password is entered
CPassword is entered
Success: Register button is selected.]]>
  </system-out>
  <testcase classname="com.class20.POM2.TS_001" name="reg" time="10.792"/>
  <system-out>
    <![CDATA[Success: Registration page display
Success: Gender not selected
First name is entered
Last name is entered
EMail is entered
Password is entered
CPassword is entered
Success: Register button is selected.]]>
  </system-out>
  <testcase classname="com.class20.POM2.TS_001" name="reg" time="6.324"/>
  <system-out>
    <![CDATA[Success: Registration page display
Success: Gender not selected
First name is entered
Last name is entered
EMail is entered
Password is entered
CPassword is entered
Success: Register button is selected.]]>
  </system-out>
</testsuite> <!-- com.class20.POM2.TS_001 -->
