<?xml version="1.0" encoding="UTF-8"?>
<!-- Generated by org.testng.reporters.JUnitReportReporter -->
<testsuite hostname="Vivek" failures="0" tests="3" name="com.class18.Execution.DataProvider" time="60.376" errors="0" timestamp="2023-05-03T15:53:27 IST" skipped="0">
  <testcase classname="com.class18.Execution.DataProvider" name="launchBrowser" time="13.869"/>
  <system-out/>
  <testcase classname="com.class18.Execution.DataProvider" name="launchBrowser" time="11.423"/>
  <system-out/>
  <testcase classname="com.class18.Execution.DataProvider" name="launchBrowser" time="35.084"/>
  <system-out/>
</testsuite> <!-- com.class18.Execution.DataProvider -->
