<?xml version="1.0" encoding="UTF-8"?>
<!-- Generated by org.testng.reporters.JUnitReportReporter -->
<testsuite hostname="Vivek" failures="0" tests="1" name="com.class11.iframes.TS4" time="37.009" errors="0" timestamp="2023-05-09T16:40:26 IST" skipped="0">
  <testcase classname="com.class11.iframes.TS4" name="m1" time="37.009"/>
  <system-out/>
</testsuite> <!-- com.class11.iframes.TS4 -->
