<?xml version="1.0" encoding="UTF-8"?>
<!-- Generated by org.testng.reporters.JUnitReportReporter -->
<testsuite hostname="Vivek" failures="0" tests="1" name="com.class19.CrossBrowser.ecom.Scripting" time="17.157" errors="0" timestamp="2023-05-04T13:02:50 IST" skipped="0">
  <testcase classname="com.class19.CrossBrowser.ecom.Scripting" name="login" time="17.157"/>
  <system-out>
    <![CDATA[Empty chrome browser is launched: 
Browser is maximize
Login page is display.
username is entered
password is entered
Home page is display]]>
  </system-out>
</testsuite> <!-- com.class19.CrossBrowser.ecom.Scripting -->
