<?xml version="1.0" encoding="UTF-8"?>
<!-- Generated by org.testng.reporters.JUnitReportReporter -->
<testsuite hostname="Vivek" failures="0" tests="3" name="com.class18.Execution.ActiTime" time="50.256" errors="0" timestamp="2023-05-18T16:18:15 IST" skipped="0">
  <testcase classname="com.class18.Execution.ActiTime" name="loginn" time="17.564"/>
  <system-out/>
  <testcase classname="com.class18.Execution.ActiTime" name="loginn" time="17.272"/>
  <system-out/>
  <testcase classname="com.class18.Execution.ActiTime" name="loginn" time="15.420"/>
  <system-out/>
</testsuite> <!-- com.class18.Execution.ActiTime -->
